[Fri Aug  6 13:33:31.656 2010] 0.014 sec [ext/2/rel 8 (0,4)] [*]  @groups '(,1,)|(all)'
[Fri Aug  6 13:34:41.250 2010] 0.005 sec [ext/2/rel 8 (0,4)] [*]  @groups '(,1,)|(all)'
[Fri Aug  6 13:34:45.218 2010] 0.005 sec [ext/3/rel 4 (0,4)] [*]  @groups '(,1,)|(all)'
[Fri Aug  6 13:34:46.015 2010] 0.005 sec [ext/3/rel 2 (0,4)] [*]  @groups '(,1,)|(all)'
[Fri Aug  6 13:34:49.296 2010] 0.005 sec [ext/3/rel 2 (0,4)] [*]  @groups '(,1,)|(all)'
[Fri Aug  6 13:35:25.296 2010] 0.006 sec [ext/3/rel 2 (0,4)] [*]  @groups '(,1,)|(all)'
[Fri Aug  6 13:35:26.421 2010] 0.006 sec [ext/3/rel 2 (0,4)] [*]  @groups '(,1,)|(all)'
[Fri Aug  6 13:35:27.406 2010] 0.006 sec [ext/3/rel 2 (0,4)] [*]  @groups '(,1,)|(all)'
[Fri Aug  6 13:35:28.468 2010] 0.006 sec [ext/3/rel 2 (0,4)] [*]  @groups '(,1,)|(all)'
[Fri Aug  6 13:35:29.546 2010] 0.005 sec [ext/3/rel 2 (0,4)] [*]  @groups '(,1,)|(all)'
[Fri Aug  6 13:35:30.546 2010] 0.005 sec [ext/3/rel 4 (0,4)] [*]  @groups '(,1,)|(all)'
[Fri Aug  6 13:35:32.093 2010] 0.005 sec [ext/3/rel 2 (0,4)] [*]  @groups '(,1,)|(all)'
[Fri Aug  6 13:35:33.656 2010] 0.005 sec [ext/2/rel 8 (0,4)] [*]  @groups '(,1,)|(all)'
[Fri Aug  6 13:35:34.546 2010] 0.005 sec [ext/3/rel 2 (0,4)] [*]  @groups '(,1,)|(all)'
[Fri Aug  6 13:37:23.437 2010] 0.007 sec [ext/3/rel 2 (0,4)] [*]  @groups '(,1,)|(all)'
[Fri Aug  6 13:37:24.453 2010] 0.005 sec [ext/3/rel 2 (0,4)] [*]  @groups '(,1,)|(all)'
[Fri Aug  6 13:37:25.312 2010] 0.006 sec [ext/3/rel 2 (0,4)] [*]  @groups '(,1,)|(all)'
[Fri Aug  6 13:38:03.046 2010] 0.014 sec [ext/3/rel 3 (0,4)] [*]  @groups '(,1,)|(all)'
[Fri Aug  6 14:03:37.468 2010] 0.021 sec [ext/2/rel 9 (0,4)] [*]  @groups '(,1,)|(all)'
[Fri Aug  6 14:03:42.921 2010] 0.007 sec [ext/3/rel 1 (0,4)] [*]  @groups '(,1,)|(all)'
[Fri Aug  6 14:03:46.875 2010] 0.006 sec [ext/3/rel 1 (0,4)] [*]  @groups '(,1,)|(all)'
[Fri Aug  6 14:04:12.796 2010] 0.006 sec [ext/3/rel 1 (0,4)] [*]  @groups '(,1,)|(all)'
[Fri Aug  6 14:04:14.046 2010] 0.005 sec [ext/3/rel 1 (0,4)] [*]  @groups '(,1,)|(all)'
[Fri Aug  6 14:04:15.171 2010] 0.005 sec [ext/3/rel 1 (0,4)] [*]  @groups '(,1,)|(all)'
[Fri Aug  6 14:04:16.265 2010] 0.005 sec [ext/2/rel 9 (0,4)] [*]  @groups '(,1,)|(all)'
[Fri Aug  6 14:04:18.000 2010] 0.006 sec [ext/2/rel 9 (4,4)] [*]  @groups '(,1,)|(all)'
[Fri Aug  6 14:04:21.296 2010] 0.006 sec [ext/2/rel 9 (8,4)] [*]  @groups '(,1,)|(all)'
[Fri Aug  6 14:04:23.421 2010] 0.005 sec [ext/3/rel 1 (0,4)] [*]  @groups '(,1,)|(all)'
[Fri Aug  6 14:06:41.140 2010] 0.003 sec [ext/2/rel 9 (0,4)] [*]  @groups '(,1,)|(all)'
[Fri Aug  6 14:06:43.343 2010] 0.003 sec [ext/3/rel 1 (0,4)] [*]  @groups '(,1,)|(all)'
[Fri Aug  6 14:18:22.906 2010] 0.003 sec [ext/2/rel 9 (0,4)] [*]  @groups '(,1,)|(all)'
[Fri Aug  6 14:18:24.078 2010] 0.003 sec [ext/3/rel 1 (0,4)] [*]  @groups '(,1,)|(all)'
[Fri Aug  6 14:20:55.546 2010] 0.007 sec [ext/3/rel 2 (0,4)] [*]  @groups '(,1,)|(all)'
[Fri Aug  6 14:22:21.578 2010] 0.005 sec [ext/2/rel 10 (0,4)] [*]  @groups '(,1,)|(all)'
[Fri Aug  6 14:22:22.953 2010] 0.005 sec [ext/3/rel 4 (0,4)] [*]  @groups '(,1,)|(all)'
[Fri Aug  6 14:22:23.812 2010] 0.005 sec [ext/3/rel 3 (0,4)] [*]  @groups '(,1,)|(all)'
[Fri Aug  6 14:22:25.359 2010] 0.005 sec [ext/3/rel 4 (0,4)] [*]  @groups '(,1,)|(all)'
[Fri Aug  6 14:22:30.265 2010] 0.005 sec [ext/3/rel 3 (0,4)] [*]  @groups '(,1,)|(all)'
[Fri Aug  6 14:22:41.609 2010] 0.006 sec [ext/3/rel 3 (0,4)] [*]  @groups '(,1,)|(all)'
[Fri Aug  6 14:22:42.921 2010] 0.005 sec [ext/3/rel 3 (0,4)] [*]  @groups '(,1,)|(all)'
[Fri Aug  6 14:22:54.140 2010] 0.005 sec [ext/3/rel 4 (0,4)] [*]  @groups '(,1,)|(all)'
[Fri Aug  6 14:24:03.375 2010] 0.006 sec [ext/2/rel 11 (0,4)] [*]  @groups '(,1,)|(all)'
[Fri Aug  6 14:24:07.375 2010] 0.005 sec [ext/3/rel 4 (0,4)] [*]  @groups '(,1,)|(all)'
[Fri Aug  6 14:24:09.984 2010] 0.005 sec [ext/3/rel 4 (0,4)] [*]  @groups '(,1,)|(all)'
[Fri Aug  6 14:24:28.812 2010] 0.005 sec [ext/2/rel 11 (0,4)] [*]  @groups '(,1,)|(all)'
[Fri Aug  6 14:24:32.562 2010] 0.005 sec [ext/3/rel 4 (0,4)] [*]  @groups '(,1,)|(all)'
[Fri Aug  6 14:24:43.937 2010] 0.006 sec [ext/3/rel 4 (0,4)] [*]  @groups '(,1,)|(all)'
[Fri Aug  6 14:24:45.390 2010] 0.005 sec [ext/3/rel 4 (0,4)] [*]  @groups '(,1,)|(all)'
[Fri Aug  6 14:25:13.625 2010] 0.005 sec [ext/3/rel 4 (0,4)] [*]  @groups '(,1,)|(all)'
[Fri Aug  6 14:25:14.750 2010] 0.005 sec [ext/3/rel 4 (0,4)] [*]  @groups '(,1,)|(all)'
[Fri Aug  6 14:25:15.843 2010] 0.005 sec [ext/3/rel 4 (0,4)] [*]  @groups '(,1,)|(all)'
[Fri Aug  6 14:25:16.718 2010] 0.005 sec [ext/3/rel 4 (0,4)] [*]  @groups '(,1,)|(all)'
[Fri Aug  6 14:25:21.671 2010] 0.005 sec [ext/3/rel 0 (0,4)] [*] 白头 @groups '(,1,)|(all)'
[Fri Aug  6 14:25:24.328 2010] 0.005 sec [ext/2/rel 0 (0,4)] [*] 白头 @groups '(,1,)|(all)'
[Fri Aug  6 14:25:25.718 2010] 0.005 sec [ext/2/rel 0 (0,4)] [*] 白头 @groups '(,1,)|(all)'
[Fri Aug  6 14:28:14.062 2010] 0.005 sec [ext/2/rel 12 (0,4)] [*]  @groups '(,1,)|(all)'
[Fri Aug  6 14:28:15.406 2010] 0.005 sec [ext/3/rel 5 (0,4)] [*]  @groups '(,1,)|(all)'
[Fri Aug  6 14:28:20.937 2010] 0.005 sec [ext/3/rel 5 (0,4)] [*]  @groups '(,1,)|(all)'
[Fri Aug  6 14:28:21.640 2010] 0.005 sec [ext/3/rel 5 (0,4)] [*]  @groups '(,1,)|(all)'
[Fri Aug  6 14:28:22.953 2010] 0.005 sec [ext/3/rel 5 (0,4)] [*]  @groups '(,1,)|(all)'
[Fri Aug  6 14:31:29.015 2010] 0.005 sec [ext/3/rel 5 (0,4)] [*]  @groups '(,1,)|(all)'
[Fri Aug  6 14:55:59.843 2010] 0.005 sec [ext/2/rel 12 (0,4)] [*]  @groups '(,1,)|(all)'
[Fri Aug  6 14:56:01.921 2010] 0.005 sec [ext/3/rel 2 (0,4)] [*]  @groups '(,1,)|(all)'
[Fri Aug  6 14:56:15.531 2010] 0.006 sec [ext/3/rel 3 (0,4)] [*]  @groups '(,1,)|(all)'
[Fri Aug  6 14:56:22.781 2010] 0.005 sec [ext/3/rel 1 (0,4)] [*] ffffffff @groups '(,1,)|(all)'
[Fri Aug  6 15:49:49.468 2010] 0.013 sec [ext/2/rel 13 (0,4)] [*]  @groups '(,1,)|(all)'
[Fri Aug  6 15:49:51.625 2010] 0.005 sec [ext/3/rel 3 (0,4)] [*]  @groups '(,1,)|(all)'
[Fri Aug  6 15:49:54.406 2010] 0.005 sec [ext/3/rel 1 (0,4)] [*]  @groups '(,1,)|(all)'
[Fri Aug  6 15:50:27.718 2010] 0.007 sec [ext/2/rel 13 (0,4)] [*]  @groups '(,1,)|(all)'
[Fri Aug  6 15:50:31.625 2010] 0.006 sec [ext/3/rel 3 (0,4)] [*]  @groups '(,1,)|(all)'
[Fri Aug  6 15:50:53.953 2010] 0.006 sec [ext/3/rel 4 (0,4)] [*]  @groups '(,1,)|(all)'
[Fri Aug  6 15:52:14.562 2010] 0.006 sec [ext/2/rel 14 (0,4)] [*]  @groups '(,1,)|(all)'
[Fri Aug  6 15:52:16.265 2010] 0.006 sec [ext/3/rel 4 (0,4)] [*]  @groups '(,1,)|(all)'
[Fri Aug  6 15:52:23.734 2010] 0.005 sec [ext/2/rel 14 (0,4)] [*]  @groups '(,1,)|(all)'
[Fri Aug  6 15:54:41.890 2010] 0.005 sec [ext/2/rel 14 (0,4)] [*]  @groups '(,1,)|(all)'
[Fri Aug  6 15:54:45.468 2010] 0.006 sec [ext/2/rel 14 (4,4)] [*]  @groups '(,1,)|(all)'
[Fri Aug  6 15:54:47.671 2010] 0.005 sec [ext/2/rel 14 (8,4)] [*]  @groups '(,1,)|(all)'
[Fri Aug  6 15:54:49.453 2010] 0.005 sec [ext/2/rel 14 (12,4)] [*]  @groups '(,1,)|(all)'
[Fri Aug  6 15:58:39.234 2010] 0.017 sec [ext/2/expr 14 (12,4)] [*]  @groups '(,1,)|(all)'
[Fri Aug  6 15:58:40.859 2010] 0.005 sec [ext/2/expr 14 (12,4)] [*]  @groups '(,1,)|(all)'
[Fri Aug  6 15:58:43.796 2010] 0.005 sec [ext/2/expr 14 (0,4)] [*]  @groups '(,1,)|(all)'
[Fri Aug  6 15:58:46.828 2010] 0.005 sec [ext/2/expr 14 (0,4)] [*]  @groups '(,1,)|(all)'
[Fri Aug  6 15:58:48.359 2010] 0.005 sec [ext/2/expr 14 (0,4)] [*]  @groups '(,1,)|(all)'
[Fri Aug  6 15:59:04.531 2010] 0.005 sec [ext/2/expr 14 (0,4)] [*]  @groups '(,1,)|(all)'
[Fri Aug  6 16:00:54.093 2010] 0.005 sec [ext/2/expr 14 (0,4)] [*]  @groups '(,1,)|(all)'
[Fri Aug  6 16:00:59.250 2010] 0.005 sec [ext/2/expr 2 (0,4)] [*] 光 @groups '(,1,)|(all)'
[Fri Aug  6 16:01:11.078 2010] 0.005 sec [ext/2/expr 14 (0,4)] [*]  @groups '(,1,)|(all)'
[Fri Aug  6 16:01:17.875 2010] 0.005 sec [ext/2/expr 3 (0,4)] [*] 刘 @groups '(,1,)|(all)'
[Fri Aug  6 16:01:32.718 2010] 0.007 sec [ext/2/expr 1 (0,4)] [*] 德 @groups '(,1,)|(all)'
[Fri Aug  6 16:01:37.562 2010] 0.005 sec [ext/2/expr 0 (0,4)] [*] ffff @groups '(,1,)|(all)'
[Fri Aug  6 16:01:41.671 2010] 0.005 sec [ext/2/expr 0 (0,4)] [*] 方法 @groups '(,1,)|(all)'
[Fri Aug  6 16:01:44.390 2010] 0.005 sec [ext/2/expr 0 (0,4)] [*] 啊 @groups '(,1,)|(all)'
[Fri Aug  6 16:01:50.453 2010] 0.005 sec [ext/2/expr 0 (0,4)] [*] 合同 @groups '(,1,)|(all)'
[Fri Aug  6 16:01:53.515 2010] 0.005 sec [ext/2/expr 0 (0,4)] [*] 合 @groups '(,1,)|(all)'
[Fri Aug  6 16:01:56.421 2010] 0.005 sec [ext/2/expr 0 (0,4)] [*] d @groups '(,1,)|(all)'
[Fri Aug  6 16:02:00.515 2010] 0.006 sec [ext/2/expr 3 (0,4)] [*] 的 @groups '(,1,)|(all)'
[Fri Aug  6 16:02:14.656 2010] 0.005 sec [ext/2/expr 1 (0,4)] [*] 华 @groups '(,1,)|(all)'
[Fri Aug  6 16:02:18.515 2010] 0.005 sec [ext/2/expr 0 (0,4)] [*] 花 @groups '(,1,)|(all)'
[Fri Aug  6 16:02:24.906 2010] 0.005 sec [ext/2/expr 1 (0,4)] [*] 茉莉花 @groups '(,1,)|(all)'
[Fri Aug  6 16:02:35.109 2010] 0.005 sec [ext/2/expr 0 (0,4)] [*] 茉莉 @groups '(,1,)|(all)'
[Fri Aug  6 16:02:38.968 2010] 0.005 sec [ext/2/expr 14 (0,4)] [*]  @groups '(,1,)|(all)'
[Fri Aug  6 16:02:59.515 2010] 0.005 sec [ext/2/expr 0 (0,4)] [*] 的梦 @groups '(,1,)|(all)'
[Fri Aug  6 16:03:02.265 2010] 0.005 sec [ext/2/expr 3 (0,4)] [*] 的 @groups '(,1,)|(all)'
[Fri Aug  6 16:03:12.484 2010] 0.005 sec [ext/2/expr 1 (0,4)] [*] 说的 @groups '(,1,)|(all)'
[Fri Aug  6 16:03:19.734 2010] 0.005 sec [ext/2/expr 14 (0,4)] [*]  @groups '(,1,)|(all)'
[Fri Aug  6 16:03:22.000 2010] 0.005 sec [ext/2/expr 14 (4,4)] [*]  @groups '(,1,)|(all)'
[Fri Aug  6 16:03:23.437 2010] 0.005 sec [ext/2/expr 14 (8,4)] [*]  @groups '(,1,)|(all)'
[Fri Aug  6 16:03:24.375 2010] 0.006 sec [ext/2/expr 14 (12,4)] [*]  @groups '(,1,)|(all)'
[Fri Aug  6 16:03:28.765 2010] 0.005 sec [ext/2/expr 14 (8,4)] [*]  @groups '(,1,)|(all)'
[Fri Aug  6 16:03:38.875 2010] 0.009 sec [ext/2/expr 1 (0,4)] [*] PP @groups '(,1,)|(all)'
[Fri Aug  6 16:04:17.468 2010] 0.005 sec [ext/2/expr 14 (0,4)] [*]  @groups '(,1,)|(all)'
[Fri Aug  6 16:07:20.015 2010] 0.005 sec [ext/2/expr 14 (0,4)] [*]  @groups '(,1,)|(all)'
[Fri Aug  6 16:13:42.765 2010] 0.006 sec [ext/2/expr 15 (0,4)] [*]  @groups '(,1,)|(all)'
[Fri Aug  6 16:13:46.093 2010] 0.005 sec [ext/3/expr 4 (0,4)] [*]  @groups '(,1,)|(all)'
[Fri Aug  6 16:13:49.359 2010] 0.006 sec [ext/3/expr 4 (0,4)] [*]  @groups '(,1,)|(all)'
[Fri Aug  6 16:14:04.046 2010] 0.005 sec [ext/3/expr 5 (0,4)] [*]  @groups '(,1,)|(all)'
[Fri Aug  6 16:14:07.281 2010] 0.005 sec [ext/3/expr 5 (4,4)] [*]  @groups '(,1,)|(all)'
[Fri Aug  6 16:14:08.812 2010] 0.005 sec [ext/3/expr 5 (0,4)] [*]  @groups '(,1,)|(all)'
[Fri Aug  6 16:27:36.812 2010] 0.014 sec [ext/3/expr 5 (0,4)] [*]  @groups '(,1,)|(all)'
[Fri Aug  6 16:27:38.390 2010] 0.006 sec [ext/3/expr 5 (0,4)] [*]  @groups '(,1,)|(all)'
[Fri Aug  6 16:27:39.343 2010] 0.006 sec [ext/3/expr 5 (4,4)] [*]  @groups '(,1,)|(all)'
[Fri Aug  6 16:27:40.953 2010] 0.006 sec [ext/3/expr 5 (0,4)] [*]  @groups '(,1,)|(all)'
[Fri Aug  6 16:27:41.750 2010] 0.005 sec [ext/2/expr 16 (0,4)] [*]  @groups '(,1,)|(all)'
[Fri Aug  6 16:27:44.328 2010] 0.005 sec [ext/2/expr 16 (4,4)] [*]  @groups '(,1,)|(all)'
[Fri Aug  6 16:27:46.296 2010] 0.005 sec [ext/2/expr 16 (8,4)] [*]  @groups '(,1,)|(all)'
[Fri Aug  6 16:27:47.531 2010] 0.005 sec [ext/2/expr 16 (12,4)] [*]  @groups '(,1,)|(all)'
[Fri Aug  6 16:28:14.656 2010] 0.006 sec [ext/2/expr 17 (12,4)] [*]  @groups '(,1,)|(all)'
[Fri Aug  6 16:28:16.765 2010] 0.006 sec [ext/2/expr 17 (12,4)] [*]  @groups '(,1,)|(all)'
[Fri Aug  6 16:28:18.015 2010] 0.005 sec [ext/2/expr 17 (16,4)] [*]  @groups '(,1,)|(all)'
[Fri Aug  6 16:28:19.437 2010] 0.007 sec [ext/2/expr 17 (12,4)] [*]  @groups '(,1,)|(all)'
[Fri Aug  6 16:28:26.015 2010] 0.006 sec [ext/2/expr 1 (0,4)] [*] 山 @groups '(,1,)|(all)'
[Fri Aug  6 16:46:37.296 2010] 0.006 sec [ext/2/expr 17 (0,4)] [*]  @groups '(,1,)|(all)'
[Fri Aug  6 16:51:52.703 2010] 0.006 sec [ext/2/expr 17 (0,4)] [*]  @groups '(,1,)|(all)'
[Fri Aug  6 17:21:21.171 2010] 0.029 sec [ext/2/expr 23 (0,4)] [*]  @groups '(,1,)|(all)'
[Fri Aug  6 17:21:23.421 2010] 0.005 sec [ext/3/expr 6 (0,4)] [*]  @groups '(,1,)|(all)'
[Fri Aug  6 17:21:25.250 2010] 0.005 sec [ext/3/expr 6 (0,4)] [*]  @groups '(,1,)|(all)'
[Fri Aug  6 17:21:25.984 2010] 0.006 sec [ext/3/expr 6 (0,4)] [*]  @groups '(,1,)|(all)'
[Fri Aug  6 17:21:30.281 2010] 0.005 sec [ext/3/expr 6 (4,4)] [*]  @groups '(,1,)|(all)'
[Fri Aug  6 17:21:32.078 2010] 0.005 sec [ext/3/expr 6 (0,4)] [*]  @groups '(,1,)|(all)'
[Fri Aug  6 17:21:47.578 2010] 0.006 sec [ext/3/expr 7 (0,4)] [*]  @groups '(,1,)|(all)'
[Fri Aug  6 17:21:49.109 2010] 0.006 sec [ext/2/expr 24 (0,4)] [*]  @groups '(,1,)|(all)'
[Fri Aug  6 17:21:50.718 2010] 0.005 sec [ext/2/expr 24 (0,4)] [*]  @groups '(,1,)|(all)'
[Fri Aug  6 17:21:52.531 2010] 0.006 sec [ext/3/expr 7 (0,4)] [*]  @groups '(,1,)|(all)'
[Fri Aug  6 17:21:54.468 2010] 0.005 sec [ext/3/expr 7 (4,4)] [*]  @groups '(,1,)|(all)'
[Fri Aug  6 17:25:13.859 2010] 0.006 sec [ext/2/expr 25 (0,4)] [*]  @groups '(,1,)|(all)'
[Fri Aug  6 17:25:16.031 2010] 0.005 sec [ext/3/expr 8 (0,4)] [*]  @groups '(,1,)|(all)'
[Fri Aug  6 17:25:18.359 2010] 0.005 sec [ext/3/expr 8 (4,4)] [*]  @groups '(,1,)|(all)'
[Fri Aug  6 17:25:23.703 2010] 0.006 sec [ext/3/expr 1 (0,4)] [*] 高起专语文 @groups '(,1,)|(all)'
[Fri Aug  6 17:26:15.156 2010] 0.006 sec [ext/2/expr 26 (0,4)] [*]  @groups '(,1,)|(all)'
[Fri Aug  6 17:26:21.484 2010] 0.005 sec [ext/2/expr 3 (0,4)] [*] 周杰 @groups '(,1,)|(all)'
[Fri Aug  6 17:26:32.468 2010] 0.005 sec [ext/2/expr 3 (0,4)] [*] 周 @groups '(,1,)|(all)'
[Fri Aug  6 17:26:35.031 2010] 0.005 sec [ext/2/expr 3 (0,4)] [*] 周 @groups '(,1,)|(all)'
[Sat Aug  7 16:35:26.390 2010] 0.030 sec [ext/2/expr 32 (0,4)] [*]  @groups '(,1,)|(all)'
[Sat Aug  7 16:36:42.406 2010] 0.007 sec [ext/2/expr 32 (0,4)] [*]  @groups '(,1,)|(all)'
[Sat Aug  7 16:42:09.609 2010] 0.004 sec [ext/2/expr 32 (0,4)] [*]  @groups '(,1,)|(all)'
[Sat Aug  7 16:42:13.343 2010] 0.004 sec [ext/2/expr 32 (28,4)] [*]  @groups '(,1,)|(all)'
[Sat Aug  7 16:42:15.765 2010] 0.004 sec [ext/2/expr 32 (16,4)] [*]  @groups '(,1,)|(all)'
[Sat Aug  7 16:42:19.812 2010] 0.004 sec [ext/2/expr 32 (24,4)] [*]  @groups '(,1,)|(all)'
[Sat Aug  7 16:44:34.250 2010] 0.004 sec [ext/2/expr 32 (0,4)] [*]  @groups '(,1,)|(all)'
[Sat Aug  7 16:44:37.015 2010] 0.005 sec [ext/3/expr 6 (0,4)] [*]  @groups '(,1,)|(all)'
[Sat Aug  7 16:45:41.375 2010] 0.004 sec [ext/3/expr 6 (4,4)] [*]  @groups '(,1,)|(all)'
[Sat Aug  7 16:46:39.562 2010] 0.005 sec [ext/3/expr 6 (4,4)] [*]  @groups '(,1,)|(all)'
[Sat Aug  7 16:46:42.359 2010] 0.008 sec [ext/3/expr 6 (4,4)] [*]  @groups '(,1,)|(all)'
[Sat Aug  7 16:47:30.453 2010] 0.004 sec [ext/3/expr 3 (0,4)] [*]  @groups '(,1,)|(all)'
[Tue Aug 10 11:08:35.031 2010] 0.016 sec [ext/2/expr 31 (0,4)] [*]  @groups '(,1,)|(all)'
[Tue Aug 10 11:08:52.781 2010] 0.005 sec [ext/2/expr 31 (4,4)] [*]  @groups '(,1,)|(all)'
[Tue Aug 10 11:09:18.468 2010] 0.005 sec [ext/2/expr 31 (4,4)] [*]  @groups '(,1,)|(all)'
[Tue Aug 10 11:09:42.000 2010] 0.005 sec [ext/2/expr 31 (4,4)] [*]  @groups '(,1,)|(all)'
[Tue Aug 10 11:10:13.296 2010] 0.006 sec [ext/2/expr 31 (4,4)] [*]  @groups '(,1,)|(all)'
[Tue Aug 10 11:10:40.031 2010] 0.006 sec [ext/2/expr 31 (4,4)] [*]  @groups '(,1,)|(all)'
[Tue Aug 10 11:10:49.812 2010] 0.005 sec [ext/2/expr 31 (4,4)] [*]  @groups '(,1,)|(all)'
[Tue Aug 10 11:13:03.484 2010] 0.006 sec [ext/2/expr 31 (4,4)] [*]  @groups '(,1,)|(all)'
[Tue Aug 10 11:13:34.859 2010] 0.006 sec [ext/2/expr 31 (0,4)] [*]  @groups '(,1,)|(all)'
[Tue Aug 10 11:15:11.265 2010] 0.005 sec [ext/2/expr 31 (0,4)] [*]  @groups '(,1,)|(all)'
[Tue Aug 10 11:15:45.546 2010] 0.005 sec [ext/2/expr 31 (0,4)] [*]  @groups '(,1,)|(all)'
[Tue Aug 10 11:15:53.343 2010] 0.005 sec [ext/2/expr 31 (28,4)] [*]  @groups '(,1,)|(all)'
[Tue Aug 10 11:25:03.109 2010] 0.005 sec [ext/2/expr 31 (0,4)] [*]  @groups '(,1,)|(all)'
[Tue Aug 10 11:25:12.171 2010] 0.006 sec [ext/3/expr 6 (0,4)] [*]  @groups '(,1,)|(all)'
[Tue Aug 10 11:25:26.781 2010] 0.011 sec [ext/3/expr 6 (4,4)] [*]  @groups '(,1,)|(all)'
[Tue Aug 10 11:33:54.468 2010] 0.109 sec [ext/3/expr 6 (4,4)] [*]  @groups '(,1,)|(all)'
[Tue Aug 10 11:35:12.140 2010] 0.006 sec [ext/2/expr 31 (0,4)] [*]  @groups '(,1,)|(all)'
[Tue Aug 10 11:36:30.843 2010] 0.005 sec [ext/2/expr 31 (0,4)] [*]  @groups '(,1,)|(all)'
[Tue Aug 10 11:54:15.000 2010] 0.108 sec [ext/2/expr 31 (0,4)] [*]  @groups '(,1,)|(all)'
[Wed Aug 11 15:47:44.014 2010] 0.100 sec [ext/2/expr 31 (0,4)] [*]  @groups '(,1,)|(all)'
[Wed Aug 11 15:47:50.593 2010] 0.007 sec [ext/2/expr 31 (0,4)] [*]  @groups '(,1,)|(all)'
[Wed Aug 11 15:48:14.186 2010] 0.005 sec [ext/2/expr 31 (0,4)] [*]  @groups '(,1,)|(all)'
[Wed Aug 11 16:37:16.780 2010] 0.007 sec [ext/2/expr 31 (0,4)] [*]  @groups '(,1,)|(all)'
[Thu Aug 12 16:40:48.984 2010] 0.119 sec [ext/2/expr 31 (0,4)] [*]  @groups '(,1,)|(all)'
[Thu Aug 12 16:40:59.578 2010] 0.006 sec [ext/2/expr 31 (4,4)] [*]  @groups '(,1,)|(all)'
[Thu Aug 12 16:41:01.625 2010] 0.005 sec [ext/2/expr 31 (8,4)] [*]  @groups '(,1,)|(all)'
[Thu Aug 12 16:41:04.515 2010] 0.006 sec [ext/2/expr 31 (12,4)] [*]  @groups '(,1,)|(all)'
[Thu Aug 12 16:41:09.781 2010] 0.005 sec [ext/2/expr 31 (16,4)] [*]  @groups '(,1,)|(all)'
[Thu Aug 12 16:41:15.500 2010] 0.005 sec [ext/2/expr 31 (28,4)] [*]  @groups '(,1,)|(all)'
[Thu Aug 12 16:41:20.843 2010] 0.006 sec [ext/2/expr 31 (0,4)] [*]  @groups '(,1,)|(all)'
[Thu Aug 12 16:42:33.812 2010] 0.006 sec [ext/2/expr 24 (0,4)] [*]  @groups '(,1,)|(all)'
[Thu Aug 12 16:42:35.656 2010] 0.005 sec [ext/2/expr 24 (0,4)] [*]  @groups '(,1,)|(all)'
[Thu Aug 12 16:42:38.859 2010] 0.005 sec [ext/2/expr 24 (4,4)] [*]  @groups '(,1,)|(all)'
[Thu Aug 12 16:42:42.812 2010] 0.005 sec [ext/2/expr 24 (8,4)] [*]  @groups '(,1,)|(all)'
[Thu Aug 12 16:42:45.390 2010] 0.005 sec [ext/3/expr 6 (0,4)] [*]  @groups '(,1,)|(all)'
[Thu Aug 12 16:42:49.531 2010] 0.005 sec [ext/3/expr 6 (4,4)] [*]  @groups '(,1,)|(all)'
[Thu Aug 12 16:42:50.984 2010] 0.007 sec [ext/3/expr 8 (0,4)] [*]  @groups '(,1,)|(all)'
[Thu Aug 12 16:42:53.875 2010] 0.005 sec [ext/3/expr 8 (4,4)] [*]  @groups '(,1,)|(all)'
[Thu Aug 12 16:42:57.781 2010] 0.005 sec [ext/3/expr 7 (0,4)] [*]  @groups '(,1,)|(all)'
[Thu Aug 12 16:42:59.437 2010] 0.005 sec [ext/2/expr 24 (0,4)] [*]  @groups '(,1,)|(all)'
[Thu Aug 12 16:43:07.953 2010] 0.005 sec [ext/2/expr 24 (0,4)] [*]  @groups '(,1,)|(all)'
[Thu Aug 12 16:43:10.500 2010] 0.005 sec [ext/3/expr 6 (0,4)] [*]  @groups '(,1,)|(all)'
[Thu Aug 12 16:43:11.500 2010] 0.005 sec [ext/2/expr 24 (0,4)] [*]  @groups '(,1,)|(all)'
[Fri Aug 13 14:40:14.234 2010] 0.070 sec [ext/2/expr 24 (0,4)] [*]  @groups '(,1,)|(all)'
[Fri Aug 13 16:49:36.671 2010] 0.013 sec [ext/2/expr 24 (0,4)] [*]  @groups '(,1,)|(all)'
